<?xml version="1.0" encoding="UTF-8"?>
<!-- Generated by org.testng.reporters.JUnitReportReporter -->
<testsuite hostname="Srinivas" name="com.autoSuggest.testCases.GoogleHomeTest" tests="1" failures="0" timestamp="6 May 2022 14:56:56 GMT" time="2.001" errors="0">
  <testcase name="HomepageTest" time="2.001" classname="com.autoSuggest.testCases.GoogleHomeTest"/>
</testsuite> <!-- com.autoSuggest.testCases.GoogleHomeTest -->
