<?xml version="1.0" encoding="UTF-8"?>
<!-- Generated by org.testng.reporters.JUnitReportReporter -->
<testsuite hostname="Srinivas" name="com.autoSuggest.testCases.TC_SearchTest_001" tests="1" failures="0" timestamp="7 May 2022 17:19:20 GMT" time="3.663" errors="0">
  <testcase name="searchPageTest" time="3.663" classname="com.autoSuggest.testCases.TC_SearchTest_001"/>
</testsuite> <!-- com.autoSuggest.testCases.TC_SearchTest_001 -->
