<?xml version="1.0" encoding="UTF-8"?>
<!-- Generated by org.testng.reporters.JUnitReportReporter -->
<testsuite hostname="Srinivas" name="com.autoSuggest.testCases.TC_GoogleHomeTest_001" tests="1" failures="0" timestamp="7 May 2022 19:05:12 GMT" time="2.305" errors="0">
  <testcase name="HomepageTest" time="2.305" classname="com.autoSuggest.testCases.TC_GoogleHomeTest_001"/>
</testsuite> <!-- com.autoSuggest.testCases.TC_GoogleHomeTest_001 -->
