<?xml version="1.0" encoding="UTF-8"?>
<!-- Generated by org.testng.reporters.JUnitReportReporter -->
<testsuite hostname="Srinivas" name="com.autoSuggest.testCases.TC_SearchTest_001" tests="1" failures="0" timestamp="7 May 2022 19:05:12 GMT" time="2.829" errors="0">
  <testcase name="searchPageTest" time="2.829" classname="com.autoSuggest.testCases.TC_SearchTest_001"/>
</testsuite> <!-- com.autoSuggest.testCases.TC_SearchTest_001 -->
